<?xml version="1.0" encoding="UTF-8"?>
<!-- Generated by org.testng.reporters.JUnitReportReporter -->
<testsuite hostname="DESKTOP-EL66U40" failures="0" tests="1" name="mavenforjenkins.UITest" time="7.396" errors="0" timestamp="2023-05-30T11:05:50 IST" skipped="0">
  <testcase classname="mavenforjenkins.UITest" name="startBrowser" time="7.396"/>
  <system-out/>
</testsuite> <!-- mavenforjenkins.UITest -->
